<?xml version="1.0" encoding="UTF-8"?>
<coverage generated="1741574654677" clover="3.2.0">
  <project timestamp="1741574654677" name="All files">
    <metrics statements="28" coveredstatements="19" conditionals="8" coveredconditionals="3" methods="12" coveredmethods="9" elements="48" coveredelements="31" complexity="0" loc="28" ncloc="28" packages="1" files="1" classes="1"/>
    <file name="projects.js" path="D:\3rd sem\WEB\assign3\modules\projects.js">
      <metrics statements="28" coveredstatements="19" conditionals="8" coveredconditionals="3" methods="12" coveredmethods="9"/>
      <line num="1" count="1" type="stmt"/>
      <line num="2" count="1" type="stmt"/>
      <line num="4" count="1" type="stmt"/>
      <line num="7" count="1" type="stmt"/>
      <line num="8" count="1" type="stmt"/>
      <line num="9" count="1" type="stmt"/>
      <line num="10" count="1" type="stmt"/>
      <line num="11" count="90" type="stmt"/>
      <line num="12" count="30" type="cond" truecount="1" falsecount="1"/>
      <line num="13" count="30" type="stmt"/>
      <line num="15" count="1" type="stmt"/>
      <line num="17" count="0" type="stmt"/>
      <line num="23" count="1" type="stmt"/>
      <line num="24" count="1" type="cond" truecount="1" falsecount="1"/>
      <line num="25" count="1" type="stmt"/>
      <line num="27" count="0" type="stmt"/>
      <line num="33" count="2" type="stmt"/>
      <line num="34" count="16" type="stmt"/>
      <line num="35" count="2" type="cond" truecount="1" falsecount="1"/>
      <line num="36" count="2" type="stmt"/>
      <line num="38" count="0" type="stmt"/>
      <line num="44" count="0" type="stmt"/>
      <line num="45" count="0" type="stmt"/>
      <line num="46" count="0" type="stmt"/>
      <line num="47" count="0" type="cond" truecount="0" falsecount="2"/>
      <line num="48" count="0" type="stmt"/>
      <line num="50" count="0" type="stmt"/>
      <line num="55" count="1" type="stmt"/>
    </file>
  </project>
</coverage>
