{"D:\\3rd sem\\WEB\\assign3\\modules\\projects.js": {"path":"D:\\3rd sem\\WEB\\assign3\\modules\\projects.js","statementMap":{"0":{"start":{"line":1,"column":20},"end":{"line":1,"column":50}},"1":{"start":{"line":2,"column":19},"end":{"line":2,"column":48}},"2":{"start":{"line":4,"column":15},"end":{"line":4,"column":17}},"3":{"start":{"line":7,"column":2},"end":{"line":19,"column":5}},"4":{"start":{"line":8,"column":4},"end":{"line":18,"column":5}},"5":{"start":{"line":9,"column":6},"end":{"line":9,"column":20}},"6":{"start":{"line":10,"column":6},"end":{"line":14,"column":9}},"7":{"start":{"line":11,"column":31},"end":{"line":11,"column":89}},"8":{"start":{"line":11,"column":57},"end":{"line":11,"column":88}},"9":{"start":{"line":12,"column":27},"end":{"line":12,"column":75}},"10":{"start":{"line":13,"column":8},"end":{"line":13,"column":58}},"11":{"start":{"line":15,"column":6},"end":{"line":15,"column":16}},"12":{"start":{"line":17,"column":6},"end":{"line":17,"column":54}},"13":{"start":{"line":23,"column":2},"end":{"line":29,"column":5}},"14":{"start":{"line":24,"column":4},"end":{"line":28,"column":5}},"15":{"start":{"line":25,"column":6},"end":{"line":25,"column":24}},"16":{"start":{"line":27,"column":6},"end":{"line":27,"column":50}},"17":{"start":{"line":33,"column":2},"end":{"line":40,"column":5}},"18":{"start":{"line":34,"column":20},"end":{"line":34,"column":70}},"19":{"start":{"line":34,"column":45},"end":{"line":34,"column":69}},"20":{"start":{"line":35,"column":4},"end":{"line":39,"column":5}},"21":{"start":{"line":36,"column":6},"end":{"line":36,"column":23}},"22":{"start":{"line":38,"column":6},"end":{"line":38,"column":71}},"23":{"start":{"line":44,"column":2},"end":{"line":52,"column":5}},"24":{"start":{"line":45,"column":23},"end":{"line":45,"column":43}},"25":{"start":{"line":46,"column":29},"end":{"line":46,"column":106}},"26":{"start":{"line":46,"column":56},"end":{"line":46,"column":105}},"27":{"start":{"line":47,"column":4},"end":{"line":51,"column":5}},"28":{"start":{"line":48,"column":6},"end":{"line":48,"column":32}},"29":{"start":{"line":50,"column":6},"end":{"line":50,"column":72}},"30":{"start":{"line":55,"column":0},"end":{"line":55,"column":85}}},"fnMap":{"0":{"name":"Initialize","decl":{"start":{"line":6,"column":9},"end":{"line":6,"column":19}},"loc":{"start":{"line":6,"column":22},"end":{"line":20,"column":1}},"line":6},"1":{"name":"(anonymous_1)","decl":{"start":{"line":7,"column":21},"end":{"line":7,"column":22}},"loc":{"start":{"line":7,"column":42},"end":{"line":19,"column":3}},"line":7},"2":{"name":"(anonymous_2)","decl":{"start":{"line":10,"column":26},"end":{"line":10,"column":27}},"loc":{"start":{"line":10,"column":37},"end":{"line":14,"column":7}},"line":10},"3":{"name":"(anonymous_3)","decl":{"start":{"line":11,"column":47},"end":{"line":11,"column":48}},"loc":{"start":{"line":11,"column":57},"end":{"line":11,"column":88}},"line":11},"4":{"name":"getAllProjects","decl":{"start":{"line":22,"column":9},"end":{"line":22,"column":23}},"loc":{"start":{"line":22,"column":26},"end":{"line":30,"column":1}},"line":22},"5":{"name":"(anonymous_5)","decl":{"start":{"line":23,"column":21},"end":{"line":23,"column":22}},"loc":{"start":{"line":23,"column":42},"end":{"line":29,"column":3}},"line":23},"6":{"name":"getProjectById","decl":{"start":{"line":32,"column":9},"end":{"line":32,"column":23}},"loc":{"start":{"line":32,"column":35},"end":{"line":41,"column":1}},"line":32},"7":{"name":"(anonymous_7)","decl":{"start":{"line":33,"column":21},"end":{"line":33,"column":22}},"loc":{"start":{"line":33,"column":42},"end":{"line":40,"column":3}},"line":33},"8":{"name":"(anonymous_8)","decl":{"start":{"line":34,"column":34},"end":{"line":34,"column":35}},"loc":{"start":{"line":34,"column":45},"end":{"line":34,"column":69}},"line":34},"9":{"name":"getProjectsBySector","decl":{"start":{"line":43,"column":9},"end":{"line":43,"column":28}},"loc":{"start":{"line":43,"column":37},"end":{"line":53,"column":1}},"line":43},"10":{"name":"(anonymous_10)","decl":{"start":{"line":44,"column":21},"end":{"line":44,"column":22}},"loc":{"start":{"line":44,"column":42},"end":{"line":52,"column":3}},"line":44},"11":{"name":"(anonymous_11)","decl":{"start":{"line":46,"column":45},"end":{"line":46,"column":46}},"loc":{"start":{"line":46,"column":56},"end":{"line":46,"column":105}},"line":46}},"branchMap":{"0":{"loc":{"start":{"line":12,"column":27},"end":{"line":12,"column":75}},"type":"cond-expr","locations":[{"start":{"line":12,"column":44},"end":{"line":12,"column":70}},{"start":{"line":12,"column":73},"end":{"line":12,"column":75}}],"line":12},"1":{"loc":{"start":{"line":24,"column":4},"end":{"line":28,"column":5}},"type":"if","locations":[{"start":{"line":24,"column":4},"end":{"line":28,"column":5}},{"start":{"line":26,"column":11},"end":{"line":28,"column":5}}],"line":24},"2":{"loc":{"start":{"line":35,"column":4},"end":{"line":39,"column":5}},"type":"if","locations":[{"start":{"line":35,"column":4},"end":{"line":39,"column":5}},{"start":{"line":37,"column":11},"end":{"line":39,"column":5}}],"line":35},"3":{"loc":{"start":{"line":47,"column":4},"end":{"line":51,"column":5}},"type":"if","locations":[{"start":{"line":47,"column":4},"end":{"line":51,"column":5}},{"start":{"line":49,"column":11},"end":{"line":51,"column":5}}],"line":47}},"s":{"0":1,"1":1,"2":1,"3":1,"4":1,"5":1,"6":1,"7":30,"8":90,"9":30,"10":30,"11":1,"12":0,"13":1,"14":1,"15":1,"16":0,"17":2,"18":2,"19":16,"20":2,"21":2,"22":0,"23":0,"24":0,"25":0,"26":0,"27":0,"28":0,"29":0,"30":1},"f":{"0":1,"1":1,"2":30,"3":90,"4":1,"5":1,"6":2,"7":2,"8":16,"9":0,"10":0,"11":0},"b":{"0":[30,0],"1":[1,0],"2":[2,0],"3":[0,0]},"_coverageSchema":"1a1c01bbd47fc00a2c39e90264f33305004495a9","hash":"2dc3cda016acf8e935ef4193c985e30ae0346b55"}
}
