TN:
SF:modules\projects.js
FN:6,Initialize
FN:7,(anonymous_1)
FN:10,(anonymous_2)
FN:11,(anonymous_3)
FN:22,getAllProjects
FN:23,(anonymous_5)
FN:32,getProjectById
FN:33,(anonymous_7)
FN:34,(anonymous_8)
FN:43,getProjectsBySector
FN:44,(anonymous_10)
FN:46,(anonymous_11)
FNF:12
FNH:9
FNDA:1,Initialize
FNDA:1,(anonymous_1)
FNDA:30,(anonymous_2)
FNDA:90,(anonymous_3)
FNDA:1,getAllProjects
FNDA:1,(anonymous_5)
FNDA:2,getProjectById
FNDA:2,(anonymous_7)
FNDA:16,(anonymous_8)
FNDA:0,getProjectsBySector
FNDA:0,(anonymous_10)
FNDA:0,(anonymous_11)
DA:1,1
DA:2,1
DA:4,1
DA:7,1
DA:8,1
DA:9,1
DA:10,1
DA:11,90
DA:12,30
DA:13,30
DA:15,1
DA:17,0
DA:23,1
DA:24,1
DA:25,1
DA:27,0
DA:33,2
DA:34,16
DA:35,2
DA:36,2
DA:38,0
DA:44,0
DA:45,0
DA:46,0
DA:47,0
DA:48,0
DA:50,0
DA:55,1
LF:28
LH:19
BRDA:12,0,0,30
BRDA:12,0,1,0
BRDA:24,1,0,1
BRDA:24,1,1,0
BRDA:35,2,0,2
BRDA:35,2,1,0
BRDA:47,3,0,0
BRDA:47,3,1,0
BRF:8
BRH:3
end_of_record
